<?xml version="1.0" encoding="UTF-8"?>
<!-- Generated by org.testng.reporters.JUnitReportReporter -->
<testsuite hostname="Adrians-MacBook-Pro.local" failures="0" tests="2" name="sw409.RestAssuredDEMO.RestDEMOTest" time="6.540" errors="0" timestamp="2020-11-12T20:37:28 EST" skipped="0">
  <testcase classname="sw409.RestAssuredDEMO.RestDEMOTest" name="testGetUser" time="1.990"/>
  <system-out/>
  <testcase classname="sw409.RestAssuredDEMO.RestDEMOTest" name="testAddCustomer" time="4.550"/>
  <system-out/>
</testsuite> <!-- sw409.RestAssuredDEMO.RestDEMOTest -->
