<?xml version="1.0" encoding="UTF-8"?>
<!-- Generated by org.testng.reporters.JUnitReportReporter -->
<testsuite hostname="Adrians-MacBook-Pro.local" failures="0" tests="5" name="sw409.EmployeeTest.EmployeeTest" time="4.657" errors="0" timestamp="2020-11-13T18:06:20 EST" skipped="0">
  <testcase classname="sw409.EmployeeTest.EmployeeTest" name="testDeleteEmployee" time="0.508"/>
  <system-out/>
  <testcase classname="sw409.EmployeeTest.EmployeeTest" name="testUpdateEmployee" time="0.139"/>
  <system-out/>
  <testcase classname="sw409.EmployeeTest.EmployeeTest" name="testAddCustomer" time="3.506"/>
  <system-out/>
  <testcase classname="sw409.EmployeeTest.EmployeeTest" name="testGetAllEmployees" time="0.216"/>
  <system-out/>
  <testcase classname="sw409.EmployeeTest.EmployeeTest" name="testCreateEmployee" time="0.288"/>
  <system-out/>
</testsuite> <!-- sw409.EmployeeTest.EmployeeTest -->
