<?xml version="1.0" encoding="UTF-8"?>
<!-- Generated by org.testng.reporters.JUnitReportReporter -->
<testsuite hostname="Adrians-MacBook-Pro.local" failures="0" tests="1" name="sw409.RestAssuredDEMO.AppTest" time="0.010" errors="0" timestamp="2020-11-12T20:37:28 EST" skipped="0">
  <testcase classname="sw409.RestAssuredDEMO.AppTest" name="shouldAnswerWithTrue" time="0.010"/>
  <system-out/>
</testsuite> <!-- sw409.RestAssuredDEMO.AppTest -->
