<?xml version="1.0" encoding="UTF-8"?>
<testsuite xmlns:xsi="http://www.w3.org/2001/XMLSchema-instance" xsi:noNamespaceSchemaLocation="https://maven.apache.org/surefire/maven-surefire-plugin/xsd/surefire-test-report.xsd" name="TestSuite" time="7.809" tests="3" errors="0" skipped="0" failures="0">
  <properties>
    <property name="gopherProxySet" value="false"/>
    <property name="awt.toolkit" value="sun.lwawt.macosx.LWCToolkit"/>
    <property name="java.specification.version" value="11"/>
    <property name="sun.cpu.isalist" value=""/>
    <property name="sun.jnu.encoding" value="UTF-8"/>
    <property name="java.class.path" value="/Users/adriangallant/IdeaProjects/SW409/RestAssuredDEMO/target/test-classes:/Users/adriangallant/IdeaProjects/SW409/RestAssuredDEMO/target/classes:/Users/adriangallant/.m2/repository/junit/junit/4.11/junit-4.11.jar:/Users/adriangallant/.m2/repository/org/hamcrest/hamcrest-core/1.3/hamcrest-core-1.3.jar:/Users/adriangallant/.m2/repository/io/rest-assured/rest-assured/4.3.2/rest-assured-4.3.2.jar:/Users/adriangallant/.m2/repository/org/codehaus/groovy/groovy/3.0.6/groovy-3.0.6.jar:/Users/adriangallant/.m2/repository/org/codehaus/groovy/groovy-xml/3.0.6/groovy-xml-3.0.6.jar:/Users/adriangallant/.m2/repository/org/apache/httpcomponents/httpclient/4.5.3/httpclient-4.5.3.jar:/Users/adriangallant/.m2/repository/org/apache/httpcomponents/httpcore/4.4.6/httpcore-4.4.6.jar:/Users/adriangallant/.m2/repository/commons-logging/commons-logging/1.2/commons-logging-1.2.jar:/Users/adriangallant/.m2/repository/org/apache/httpcomponents/httpmime/4.5.3/httpmime-4.5.3.jar:/Users/adriangallant/.m2/repository/org/hamcrest/hamcrest/2.1/hamcrest-2.1.jar:/Users/adriangallant/.m2/repository/org/ccil/cowan/tagsoup/tagsoup/1.2.1/tagsoup-1.2.1.jar:/Users/adriangallant/.m2/repository/io/rest-assured/json-path/4.3.2/json-path-4.3.2.jar:/Users/adriangallant/.m2/repository/org/codehaus/groovy/groovy-json/3.0.6/groovy-json-3.0.6.jar:/Users/adriangallant/.m2/repository/io/rest-assured/rest-assured-common/4.3.2/rest-assured-common-4.3.2.jar:/Users/adriangallant/.m2/repository/io/rest-assured/xml-path/4.3.2/xml-path-4.3.2.jar:/Users/adriangallant/.m2/repository/org/apache/commons/commons-lang3/3.11/commons-lang3-3.11.jar:/Users/adriangallant/.m2/repository/jakarta/xml/bind/jakarta.xml.bind-api/2.3.3/jakarta.xml.bind-api-2.3.3.jar:/Users/adriangallant/.m2/repository/jakarta/activation/jakarta.activation-api/1.2.2/jakarta.activation-api-1.2.2.jar:/Users/adriangallant/.m2/repository/com/sun/xml/bind/jaxb-impl/2.3.3/jaxb-impl-2.3.3.jar:/Users/adriangallant/.m2/repository/org/testng/testng/7.3.0/testng-7.3.0.jar:/Users/adriangallant/.m2/repository/com/beust/jcommander/1.78/jcommander-1.78.jar:/Users/adriangallant/.m2/repository/org/apache/ant/ant/1.10.3/ant-1.10.3.jar:/Users/adriangallant/.m2/repository/org/apache/ant/ant-launcher/1.10.3/ant-launcher-1.10.3.jar:/Users/adriangallant/.m2/repository/com/google/inject/guice/4.2.2/guice-4.2.2-no_aop.jar:/Users/adriangallant/.m2/repository/javax/inject/javax.inject/1/javax.inject-1.jar:/Users/adriangallant/.m2/repository/aopalliance/aopalliance/1.0/aopalliance-1.0.jar:/Users/adriangallant/.m2/repository/com/google/guava/guava/25.1-android/guava-25.1-android.jar:/Users/adriangallant/.m2/repository/com/google/code/findbugs/jsr305/3.0.2/jsr305-3.0.2.jar:/Users/adriangallant/.m2/repository/org/checkerframework/checker-compat-qual/2.0.0/checker-compat-qual-2.0.0.jar:/Users/adriangallant/.m2/repository/com/google/errorprone/error_prone_annotations/2.1.3/error_prone_annotations-2.1.3.jar:/Users/adriangallant/.m2/repository/com/google/j2objc/j2objc-annotations/1.1/j2objc-annotations-1.1.jar:/Users/adriangallant/.m2/repository/org/codehaus/mojo/animal-sniffer-annotations/1.14/animal-sniffer-annotations-1.14.jar:/Users/adriangallant/.m2/repository/org/yaml/snakeyaml/1.21/snakeyaml-1.21.jar:/Users/adriangallant/.m2/repository/com/googlecode/json-simple/json-simple/1.1.1/json-simple-1.1.1.jar:/Users/adriangallant/.m2/repository/org/apache/poi/poi/4.1.2/poi-4.1.2.jar:/Users/adriangallant/.m2/repository/commons-codec/commons-codec/1.13/commons-codec-1.13.jar:/Users/adriangallant/.m2/repository/org/apache/commons/commons-collections4/4.4/commons-collections4-4.4.jar:/Users/adriangallant/.m2/repository/org/apache/commons/commons-math3/3.6.1/commons-math3-3.6.1.jar:/Users/adriangallant/.m2/repository/com/zaxxer/SparseBitSet/1.2/SparseBitSet-1.2.jar:/Users/adriangallant/.m2/repository/org/apache/poi/poi-ooxml/4.1.2/poi-ooxml-4.1.2.jar:/Users/adriangallant/.m2/repository/org/apache/poi/poi-ooxml-schemas/4.1.2/poi-ooxml-schemas-4.1.2.jar:/Users/adriangallant/.m2/repository/org/apache/xmlbeans/xmlbeans/3.1.0/xmlbeans-3.1.0.jar:/Users/adriangallant/.m2/repository/org/apache/commons/commons-compress/1.19/commons-compress-1.19.jar:/Users/adriangallant/.m2/repository/com/github/virtuald/curvesapi/1.06/curvesapi-1.06.jar:"/>
    <property name="java.vm.vendor" value="Oracle Corporation"/>
    <property name="sun.arch.data.model" value="64"/>
    <property name="java.vendor.url" value="http://java.oracle.com/"/>
    <property name="user.timezone" value=""/>
    <property name="java.vm.specification.version" value="11"/>
    <property name="os.name" value="Mac OS X"/>
    <property name="sun.java.launcher" value="SUN_STANDARD"/>
    <property name="user.country" value="US"/>
    <property name="sun.boot.library.path" value="/Library/Java/JavaVirtualMachines/jdk-11.0.1.jdk/Contents/Home/lib"/>
    <property name="sun.java.command" value="/Users/adriangallant/IdeaProjects/SW409/RestAssuredDEMO/target/surefire/surefirebooter2997032294122568843.jar /Users/adriangallant/IdeaProjects/SW409/RestAssuredDEMO/target/surefire 2020-11-12T20-37-19_593-jvmRun1 surefire17923541664330641040tmp surefire_01379157369815339215tmp"/>
    <property name="http.nonProxyHosts" value="local|*.local|169.254/16|*.169.254/16"/>
    <property name="jdk.debug" value="release"/>
    <property name="surefire.test.class.path" value="/Users/adriangallant/IdeaProjects/SW409/RestAssuredDEMO/target/test-classes:/Users/adriangallant/IdeaProjects/SW409/RestAssuredDEMO/target/classes:/Users/adriangallant/.m2/repository/junit/junit/4.11/junit-4.11.jar:/Users/adriangallant/.m2/repository/org/hamcrest/hamcrest-core/1.3/hamcrest-core-1.3.jar:/Users/adriangallant/.m2/repository/io/rest-assured/rest-assured/4.3.2/rest-assured-4.3.2.jar:/Users/adriangallant/.m2/repository/org/codehaus/groovy/groovy/3.0.6/groovy-3.0.6.jar:/Users/adriangallant/.m2/repository/org/codehaus/groovy/groovy-xml/3.0.6/groovy-xml-3.0.6.jar:/Users/adriangallant/.m2/repository/org/apache/httpcomponents/httpclient/4.5.3/httpclient-4.5.3.jar:/Users/adriangallant/.m2/repository/org/apache/httpcomponents/httpcore/4.4.6/httpcore-4.4.6.jar:/Users/adriangallant/.m2/repository/commons-logging/commons-logging/1.2/commons-logging-1.2.jar:/Users/adriangallant/.m2/repository/org/apache/httpcomponents/httpmime/4.5.3/httpmime-4.5.3.jar:/Users/adriangallant/.m2/repository/org/hamcrest/hamcrest/2.1/hamcrest-2.1.jar:/Users/adriangallant/.m2/repository/org/ccil/cowan/tagsoup/tagsoup/1.2.1/tagsoup-1.2.1.jar:/Users/adriangallant/.m2/repository/io/rest-assured/json-path/4.3.2/json-path-4.3.2.jar:/Users/adriangallant/.m2/repository/org/codehaus/groovy/groovy-json/3.0.6/groovy-json-3.0.6.jar:/Users/adriangallant/.m2/repository/io/rest-assured/rest-assured-common/4.3.2/rest-assured-common-4.3.2.jar:/Users/adriangallant/.m2/repository/io/rest-assured/xml-path/4.3.2/xml-path-4.3.2.jar:/Users/adriangallant/.m2/repository/org/apache/commons/commons-lang3/3.11/commons-lang3-3.11.jar:/Users/adriangallant/.m2/repository/jakarta/xml/bind/jakarta.xml.bind-api/2.3.3/jakarta.xml.bind-api-2.3.3.jar:/Users/adriangallant/.m2/repository/jakarta/activation/jakarta.activation-api/1.2.2/jakarta.activation-api-1.2.2.jar:/Users/adriangallant/.m2/repository/com/sun/xml/bind/jaxb-impl/2.3.3/jaxb-impl-2.3.3.jar:/Users/adriangallant/.m2/repository/org/testng/testng/7.3.0/testng-7.3.0.jar:/Users/adriangallant/.m2/repository/com/beust/jcommander/1.78/jcommander-1.78.jar:/Users/adriangallant/.m2/repository/org/apache/ant/ant/1.10.3/ant-1.10.3.jar:/Users/adriangallant/.m2/repository/org/apache/ant/ant-launcher/1.10.3/ant-launcher-1.10.3.jar:/Users/adriangallant/.m2/repository/com/google/inject/guice/4.2.2/guice-4.2.2-no_aop.jar:/Users/adriangallant/.m2/repository/javax/inject/javax.inject/1/javax.inject-1.jar:/Users/adriangallant/.m2/repository/aopalliance/aopalliance/1.0/aopalliance-1.0.jar:/Users/adriangallant/.m2/repository/com/google/guava/guava/25.1-android/guava-25.1-android.jar:/Users/adriangallant/.m2/repository/com/google/code/findbugs/jsr305/3.0.2/jsr305-3.0.2.jar:/Users/adriangallant/.m2/repository/org/checkerframework/checker-compat-qual/2.0.0/checker-compat-qual-2.0.0.jar:/Users/adriangallant/.m2/repository/com/google/errorprone/error_prone_annotations/2.1.3/error_prone_annotations-2.1.3.jar:/Users/adriangallant/.m2/repository/com/google/j2objc/j2objc-annotations/1.1/j2objc-annotations-1.1.jar:/Users/adriangallant/.m2/repository/org/codehaus/mojo/animal-sniffer-annotations/1.14/animal-sniffer-annotations-1.14.jar:/Users/adriangallant/.m2/repository/org/yaml/snakeyaml/1.21/snakeyaml-1.21.jar:/Users/adriangallant/.m2/repository/com/googlecode/json-simple/json-simple/1.1.1/json-simple-1.1.1.jar:/Users/adriangallant/.m2/repository/org/apache/poi/poi/4.1.2/poi-4.1.2.jar:/Users/adriangallant/.m2/repository/commons-codec/commons-codec/1.13/commons-codec-1.13.jar:/Users/adriangallant/.m2/repository/org/apache/commons/commons-collections4/4.4/commons-collections4-4.4.jar:/Users/adriangallant/.m2/repository/org/apache/commons/commons-math3/3.6.1/commons-math3-3.6.1.jar:/Users/adriangallant/.m2/repository/com/zaxxer/SparseBitSet/1.2/SparseBitSet-1.2.jar:/Users/adriangallant/.m2/repository/org/apache/poi/poi-ooxml/4.1.2/poi-ooxml-4.1.2.jar:/Users/adriangallant/.m2/repository/org/apache/poi/poi-ooxml-schemas/4.1.2/poi-ooxml-schemas-4.1.2.jar:/Users/adriangallant/.m2/repository/org/apache/xmlbeans/xmlbeans/3.1.0/xmlbeans-3.1.0.jar:/Users/adriangallant/.m2/repository/org/apache/commons/commons-compress/1.19/commons-compress-1.19.jar:/Users/adriangallant/.m2/repository/com/github/virtuald/curvesapi/1.06/curvesapi-1.06.jar:"/>
    <property name="sun.cpu.endian" value="little"/>
    <property name="user.home" value="/Users/adriangallant"/>
    <property name="user.language" value="en"/>
    <property name="java.specification.vendor" value="Oracle Corporation"/>
    <property name="java.version.date" value="2018-10-16"/>
    <property name="java.home" value="/Library/Java/JavaVirtualMachines/jdk-11.0.1.jdk/Contents/Home"/>
    <property name="file.separator" value="/"/>
    <property name="style.color" value="always"/>
    <property name="basedir" value="/Users/adriangallant/IdeaProjects/SW409/RestAssuredDEMO"/>
    <property name="java.vm.compressedOopsMode" value="Zero based"/>
    <property name="line.separator" value="&#10;"/>
    <property name="java.specification.name" value="Java Platform API Specification"/>
    <property name="java.vm.specification.vendor" value="Oracle Corporation"/>
    <property name="java.awt.graphicsenv" value="sun.awt.CGraphicsEnvironment"/>
    <property name="surefire.real.class.path" value="/Users/adriangallant/IdeaProjects/SW409/RestAssuredDEMO/target/surefire/surefirebooter2997032294122568843.jar"/>
    <property name="sun.management.compiler" value="HotSpot 64-Bit Tiered Compilers"/>
    <property name="ftp.nonProxyHosts" value="local|*.local|169.254/16|*.169.254/16"/>
    <property name="java.runtime.version" value="11.0.1+13-LTS"/>
    <property name="user.name" value="adriangallant"/>
    <property name="path.separator" value=":"/>
    <property name="os.version" value="10.15.7"/>
    <property name="java.runtime.name" value="Java(TM) SE Runtime Environment"/>
    <property name="file.encoding" value="UTF-8"/>
    <property name="java.vm.name" value="Java HotSpot(TM) 64-Bit Server VM"/>
    <property name="java.vendor.version" value="18.9"/>
    <property name="localRepository" value="/Users/adriangallant/.m2/repository"/>
    <property name="java.vendor.url.bug" value="http://bugreport.java.com/bugreport/"/>
    <property name="java.io.tmpdir" value="/var/folders/xj/_56cmf197m79pht7103ksk_m0000gn/T/"/>
    <property name="java.version" value="11.0.1"/>
    <property name="user.dir" value="/Users/adriangallant/IdeaProjects/SW409/RestAssuredDEMO"/>
    <property name="os.arch" value="x86_64"/>
    <property name="java.vm.specification.name" value="Java Virtual Machine Specification"/>
    <property name="java.awt.printerjob" value="sun.lwawt.macosx.CPrinterJob"/>
    <property name="sun.os.patch.level" value="unknown"/>
    <property name="java.library.path" value="/Users/adriangallant/Library/Java/Extensions:/Library/Java/Extensions:/Network/Library/Java/Extensions:/System/Library/Java/Extensions:/usr/lib/java:."/>
    <property name="java.vendor" value="Oracle Corporation"/>
    <property name="java.vm.info" value="mixed mode"/>
    <property name="java.vm.version" value="11.0.1+13-LTS"/>
    <property name="sun.io.unicode.encoding" value="UnicodeBig"/>
    <property name="java.class.version" value="55.0"/>
    <property name="socksNonProxyHosts" value="local|*.local|169.254/16|*.169.254/16"/>
  </properties>
  <testcase name="testAddCustomer" classname="sw409.RestAssuredDEMO.RestDEMOTest" time="4.549"/>
  <testcase name="testGetUser" classname="sw409.RestAssuredDEMO.RestDEMOTest" time="1.99"/>
  <testcase name="shouldAnswerWithTrue on shouldAnswerWithTrue(sw409.RestAssuredDEMO.AppTest)" classname="sw409.RestAssuredDEMO.AppTest" time="0.002"/>
</testsuite>